<?xml version="1.0" encoding="UTF-8"?>
<testsuite name="com.shoppingcart.service.BillServiceTest" time="0.19" tests="3" errors="0" skipped="0" failures="0">
  <properties>
[...]
</properties>
  <testcase name="testVerifyPrimiumCustomerBill" classname="com.shoppingcart.service.BillServiceTest" time="0.14"/>
  <testcase name="testVerifyRegularCustomerBill" classname="com.shoppingcart.service.BillServiceTest" time="0.012"/>
  <testcase name="testCreateBill" classname="com.shoppingcart.service.BillServiceTest" time="0.038"/>
</testsuite>